timestamp: 2012-11-05T10:53:51.351386
CREATE TABLE auth_user(
    id INTEGER PRIMARY KEY AUTOINCREMENT,
    first_name CHAR(128),
    last_name CHAR(128),
    email CHAR(512),
    password CHAR(512),
    registration_key CHAR(512),
    reset_password_key CHAR(512),
    registration_id CHAR(512)
);
success!
timestamp: 2012-11-05T10:53:51.353958
CREATE TABLE auth_group(
    id INTEGER PRIMARY KEY AUTOINCREMENT,
    role CHAR(512),
    description TEXT
);
success!
timestamp: 2012-11-05T10:53:51.356918
CREATE TABLE auth_membership(
    id INTEGER PRIMARY KEY AUTOINCREMENT,
    user_id INTEGER REFERENCES auth_user (id) ON DELETE CASCADE,
    group_id INTEGER REFERENCES auth_group (id) ON DELETE CASCADE
);
success!
timestamp: 2012-11-05T10:53:51.380365
CREATE TABLE auth_permission(
    id INTEGER PRIMARY KEY AUTOINCREMENT,
    group_id INTEGER REFERENCES auth_group (id) ON DELETE CASCADE,
    name CHAR(512),
    table_name CHAR(512),
    record_id INTEGER
);
success!
timestamp: 2012-11-05T10:53:51.384197
CREATE TABLE auth_event(
    id INTEGER PRIMARY KEY AUTOINCREMENT,
    time_stamp TIMESTAMP,
    client_ip CHAR(512),
    user_id INTEGER REFERENCES auth_user (id) ON DELETE CASCADE,
    origin CHAR(512),
    description TEXT
);
success!
timestamp: 2012-11-05T10:53:51.388257
CREATE TABLE auth_cas(
    id INTEGER PRIMARY KEY AUTOINCREMENT,
    user_id INTEGER REFERENCES auth_user (id) ON DELETE CASCADE,
    created_on TIMESTAMP,
    service CHAR(512),
    ticket CHAR(512),
    renew CHAR(1)
);
success!
timestamp: 2013-10-31T00:21:19.397629
CREATE TABLE problemPrompts(
    id INTEGER PRIMARY KEY AUTOINCREMENT,
    problemId CHAR(512),
    type CHAR(512),
    text CHAR(512),
    prompts TEXT,
    points TEXT,
    lines TEXT,
    solution CHAR(512),
    problemType CHAR(512)
);
success!
timestamp: 2013-10-31T00:36:00.409406
ALTER TABLE problemPrompts ADD prompt TEXT;
timestamp: 2013-10-31T00:36:00.506475
ALTER TABLE problemPrompts ADD state CHAR(512);
timestamp: 2013-10-31T00:40:55.415299
ALTER TABLE problemPrompts ADD triggers CHAR(512);
